2026-03-14 23:27:57,659 - INFO - Starting New GAT Model. Results will be saved in: ../result\Cdataset_graph_graph_concat_1000_0.0_128\42\GAT_Standalone_Results
2026-03-14 23:27:57,784 - INFO - --- Fold 1 ---
2026-03-14 23:28:11,737 - INFO - Epoch 50 | Loss: 2.0190 | AUC: 0.5900
2026-03-14 23:28:19,244 - INFO - Epoch 100 | Loss: 1.0341 | AUC: 0.7832
2026-03-14 23:28:26,697 - INFO - Epoch 150 | Loss: 0.8942 | AUC: 0.8305
2026-03-14 23:28:33,112 - INFO - Epoch 200 | Loss: 0.7931 | AUC: 0.8612
2026-03-14 23:28:39,787 - INFO - Epoch 250 | Loss: 0.7028 | AUC: 0.8868
2026-03-14 23:28:45,864 - INFO - Epoch 300 | Loss: 0.7330 | AUC: 0.8950
2026-03-14 23:28:51,128 - INFO - Epoch 350 | Loss: 0.5673 | AUC: 0.9255
2026-03-14 23:28:56,490 - INFO - Epoch 400 | Loss: 0.4912 | AUC: 0.9418
2026-03-14 23:29:01,982 - INFO - Epoch 450 | Loss: 0.4677 | AUC: 0.9500
2026-03-14 23:29:07,155 - INFO - Epoch 500 | Loss: 0.3939 | AUC: 0.9603
2026-03-14 23:29:12,648 - INFO - Epoch 550 | Loss: 0.3505 | AUC: 0.9666
2026-03-14 23:29:18,740 - INFO - Epoch 600 | Loss: 0.3825 | AUC: 0.9699
2026-03-14 23:29:24,008 - INFO - Epoch 650 | Loss: 0.2929 | AUC: 0.9757
2026-03-14 23:29:29,285 - INFO - Epoch 700 | Loss: 0.2620 | AUC: 0.9794
2026-03-14 23:29:34,665 - INFO - Epoch 750 | Loss: 0.2361 | AUC: 0.9825
2026-03-14 23:29:40,273 - INFO - Epoch 800 | Loss: 0.2150 | AUC: 0.9848
2026-03-14 23:29:45,593 - INFO - Epoch 850 | Loss: 0.1944 | AUC: 0.9870
2026-03-14 23:29:50,788 - INFO - Epoch 900 | Loss: 0.1772 | AUC: 0.9887
2026-03-14 23:29:55,980 - INFO - Epoch 950 | Loss: 0.4848 | AUC: 0.9839
2026-03-14 23:30:01,786 - INFO - Epoch 1000 | Loss: 0.1726 | AUC: 0.9901
2026-03-14 23:30:01,831 - INFO - Saved model weights: gat_model_fold_1.pth
2026-03-14 23:30:01,878 - INFO - --- Fold 2 ---
2026-03-14 23:30:09,316 - INFO - Epoch 50 | Loss: 3.3845 | AUC: 0.6279
2026-03-14 23:30:14,696 - INFO - Epoch 100 | Loss: 1.0140 | AUC: 0.8000
2026-03-14 23:30:19,993 - INFO - Epoch 150 | Loss: 0.8025 | AUC: 0.8593
2026-03-14 23:30:26,709 - INFO - Epoch 200 | Loss: 0.8415 | AUC: 0.8934
2026-03-14 23:30:33,086 - INFO - Epoch 250 | Loss: 0.5783 | AUC: 0.9275
2026-03-14 23:30:38,546 - INFO - Epoch 300 | Loss: 0.5286 | AUC: 0.9456
2026-03-14 23:30:43,728 - INFO - Epoch 350 | Loss: 0.4408 | AUC: 0.9565
2026-03-14 23:30:48,774 - INFO - Epoch 400 | Loss: 0.3656 | AUC: 0.9666
2026-03-14 23:30:53,694 - INFO - Epoch 450 | Loss: 0.3149 | AUC: 0.9735
2026-03-14 23:30:58,629 - INFO - Epoch 500 | Loss: 0.2932 | AUC: 0.9776
2026-03-14 23:31:03,924 - INFO - Epoch 550 | Loss: 0.2358 | AUC: 0.9831
2026-03-14 23:31:09,207 - INFO - Epoch 600 | Loss: 0.2001 | AUC: 0.9865
2026-03-14 23:31:14,380 - INFO - Epoch 650 | Loss: 0.1717 | AUC: 0.9890
2026-03-14 23:31:19,830 - INFO - Epoch 700 | Loss: 0.1484 | AUC: 0.9910
2026-03-14 23:31:25,141 - INFO - Epoch 750 | Loss: 1.3929 | AUC: 0.9666
2026-03-14 23:31:30,665 - INFO - Epoch 800 | Loss: 0.1385 | AUC: 0.9927
2026-03-14 23:31:35,854 - INFO - Epoch 850 | Loss: 0.1113 | AUC: 0.9944
2026-03-14 23:31:43,225 - INFO - Epoch 900 | Loss: 0.0968 | AUC: 0.9953
2026-03-14 23:31:49,277 - INFO - Epoch 950 | Loss: 0.0859 | AUC: 0.9960
2026-03-14 23:31:54,682 - INFO - Epoch 1000 | Loss: 0.0769 | AUC: 0.9965
2026-03-14 23:31:54,692 - INFO - Saved model weights: gat_model_fold_2.pth
2026-03-14 23:31:54,734 - INFO - --- Fold 3 ---
2026-03-14 23:32:02,184 - INFO - Epoch 50 | Loss: 2.1005 | AUC: 0.5900
2026-03-14 23:32:07,431 - INFO - Epoch 100 | Loss: 0.9996 | AUC: 0.8037
2026-03-14 23:32:12,634 - INFO - Epoch 150 | Loss: 1.1973 | AUC: 0.8435
2026-03-14 23:32:17,962 - INFO - Epoch 200 | Loss: 0.7550 | AUC: 0.8788
2026-03-14 23:32:23,475 - INFO - Epoch 250 | Loss: 0.6471 | AUC: 0.9086
2026-03-14 23:32:28,840 - INFO - Epoch 300 | Loss: 0.5904 | AUC: 0.9265
2026-03-14 23:32:34,862 - INFO - Epoch 350 | Loss: 0.5006 | AUC: 0.9431
2026-03-14 23:32:40,519 - INFO - Epoch 400 | Loss: 0.6577 | AUC: 0.9429
2026-03-14 23:32:46,682 - INFO - Epoch 450 | Loss: 0.3995 | AUC: 0.9606
2026-03-14 23:32:52,683 - INFO - Epoch 500 | Loss: 0.3487 | AUC: 0.9670
2026-03-14 23:32:58,131 - INFO - Epoch 550 | Loss: 0.4050 | AUC: 0.9677
2026-03-14 23:33:03,633 - INFO - Epoch 600 | Loss: 0.2876 | AUC: 0.9755
2026-03-14 23:33:08,902 - INFO - Epoch 650 | Loss: 0.2551 | AUC: 0.9789
2026-03-14 23:33:16,292 - INFO - Epoch 700 | Loss: 0.2283 | AUC: 0.9820
2026-03-14 23:33:21,346 - INFO - Epoch 750 | Loss: 0.2109 | AUC: 0.9848
2026-03-14 23:33:26,528 - INFO - Epoch 800 | Loss: 0.1977 | AUC: 0.9869
2026-03-14 23:33:31,490 - INFO - Epoch 850 | Loss: 0.1683 | AUC: 0.9888
2026-03-14 23:33:36,385 - INFO - Epoch 900 | Loss: 2.3009 | AUC: 0.9389
2026-03-14 23:33:43,274 - INFO - Epoch 950 | Loss: 397.3569 | AUC: 0.5009
2026-03-14 23:33:50,834 - INFO - Epoch 1000 | Loss: 7.6942 | AUC: 0.6190
2026-03-14 23:33:50,843 - INFO - Saved model weights: gat_model_fold_3.pth
2026-03-14 23:33:50,895 - INFO - --- Fold 4 ---
2026-03-14 23:33:58,277 - INFO - Epoch 50 | Loss: 2.7471 | AUC: 0.5436
2026-03-14 23:34:04,658 - INFO - Epoch 100 | Loss: 1.1465 | AUC: 0.7180
2026-03-14 23:34:10,374 - INFO - Epoch 150 | Loss: 0.9615 | AUC: 0.7963
2026-03-14 23:34:16,057 - INFO - Epoch 200 | Loss: 0.8345 | AUC: 0.8469
2026-03-14 23:34:21,900 - INFO - Epoch 250 | Loss: 0.7488 | AUC: 0.8782
2026-03-14 23:34:27,387 - INFO - Epoch 300 | Loss: 0.6327 | AUC: 0.9094
2026-03-14 23:34:33,053 - INFO - Epoch 350 | Loss: 0.5687 | AUC: 0.9311
2026-03-14 23:34:38,544 - INFO - Epoch 400 | Loss: 0.4910 | AUC: 0.9439
2026-03-14 23:34:44,499 - INFO - Epoch 450 | Loss: 0.4234 | AUC: 0.9552
2026-03-14 23:34:50,564 - INFO - Epoch 500 | Loss: 0.3729 | AUC: 0.9634
2026-03-14 23:34:56,516 - INFO - Epoch 550 | Loss: 0.3715 | AUC: 0.9686
2026-03-14 23:35:02,665 - INFO - Epoch 600 | Loss: 0.3011 | AUC: 0.9740
2026-03-14 23:35:08,868 - INFO - Epoch 650 | Loss: 0.2661 | AUC: 0.9783
2026-03-14 23:35:14,952 - INFO - Epoch 700 | Loss: 0.2368 | AUC: 0.9818
2026-03-14 23:35:20,873 - INFO - Epoch 750 | Loss: 0.2463 | AUC: 0.9842
2026-03-14 23:35:27,018 - INFO - Epoch 800 | Loss: 0.2330 | AUC: 0.9846
2026-03-14 23:35:33,304 - INFO - Epoch 850 | Loss: 0.1779 | AUC: 0.9885
2026-03-14 23:35:39,081 - INFO - Epoch 900 | Loss: 0.1570 | AUC: 0.9901
2026-03-14 23:35:44,644 - INFO - Epoch 950 | Loss: 0.1405 | AUC: 0.9914
2026-03-14 23:35:50,452 - INFO - Epoch 1000 | Loss: 0.1264 | AUC: 0.9926
2026-03-14 23:35:50,461 - INFO - Saved model weights: gat_model_fold_4.pth
2026-03-14 23:35:50,502 - INFO - --- Fold 5 ---
2026-03-14 23:35:58,145 - INFO - Epoch 50 | Loss: 3.9606 | AUC: 0.6134
2026-03-14 23:36:04,043 - INFO - Epoch 100 | Loss: 1.0816 | AUC: 0.7581
2026-03-14 23:36:10,137 - INFO - Epoch 150 | Loss: 0.8185 | AUC: 0.8567
2026-03-14 23:36:15,969 - INFO - Epoch 200 | Loss: 0.9711 | AUC: 0.8811
2026-03-14 23:36:21,866 - INFO - Epoch 250 | Loss: 0.5771 | AUC: 0.9276
2026-03-14 23:36:28,105 - INFO - Epoch 300 | Loss: 0.4801 | AUC: 0.9460
2026-03-14 23:36:34,449 - INFO - Epoch 350 | Loss: 0.4418 | AUC: 0.9549
2026-03-14 23:36:40,684 - INFO - Epoch 400 | Loss: 0.3589 | AUC: 0.9660
2026-03-14 23:36:46,555 - INFO - Epoch 450 | Loss: 0.3926 | AUC: 0.9722
2026-03-14 23:36:52,327 - INFO - Epoch 500 | Loss: 0.3105 | AUC: 0.9752
2026-03-14 23:36:58,509 - INFO - Epoch 550 | Loss: 0.2428 | AUC: 0.9812
2026-03-14 23:37:05,007 - INFO - Epoch 600 | Loss: 0.2102 | AUC: 0.9844
2026-03-14 23:37:11,143 - INFO - Epoch 650 | Loss: 0.1844 | AUC: 0.9870
2026-03-14 23:37:16,983 - INFO - Epoch 700 | Loss: 0.1629 | AUC: 0.9890
2026-03-14 23:37:22,783 - INFO - Epoch 750 | Loss: 0.1473 | AUC: 0.9906
2026-03-14 23:37:28,606 - INFO - Epoch 800 | Loss: 0.1486 | AUC: 0.9919
2026-03-14 23:37:35,015 - INFO - Epoch 850 | Loss: 0.1972 | AUC: 0.9894
2026-03-14 23:37:41,234 - INFO - Epoch 900 | Loss: 0.1157 | AUC: 0.9938
2026-03-14 23:37:46,837 - INFO - Epoch 950 | Loss: 0.1008 | AUC: 0.9947
2026-03-14 23:37:52,322 - INFO - Epoch 1000 | Loss: 0.0898 | AUC: 0.9953
2026-03-14 23:37:52,331 - INFO - Saved model weights: gat_model_fold_5.pth
2026-03-14 23:37:52,798 - INFO - Final predictions saved to: ../result\Cdataset_graph_graph_concat_1000_0.0_128\42\GAT_Standalone_Results\GAT_final_predictions.csv
2026-03-14 23:38:42,835 - INFO - FINAL RESULTS: AUC 0.9966; AUPR 0.6776; Acc 0.9916
