2026-03-14 16:22:15,869 - INFO - Starting New GAT Model. Results will be saved in: ../result\Cdataset_graph_graph_concat_1000_0.0_128\42\GAT_Standalone_Results
2026-03-14 16:22:15,911 - INFO - --- Fold 1 ---
2026-03-14 16:22:26,030 - INFO - Epoch 50 | Loss: 2.0190 | AUC: 0.5900
2026-03-14 16:22:30,947 - INFO - Epoch 100 | Loss: 1.0341 | AUC: 0.7832
2026-03-14 16:22:35,976 - INFO - Epoch 150 | Loss: 0.8942 | AUC: 0.8305
2026-03-14 16:22:40,655 - INFO - Epoch 200 | Loss: 0.7931 | AUC: 0.8612
2026-03-14 16:22:45,601 - INFO - Epoch 250 | Loss: 0.7028 | AUC: 0.8868
2026-03-14 16:22:50,687 - INFO - Epoch 300 | Loss: 0.7330 | AUC: 0.8950
2026-03-14 16:22:55,251 - INFO - Epoch 350 | Loss: 0.5673 | AUC: 0.9255
2026-03-14 16:23:00,209 - INFO - Epoch 400 | Loss: 0.4912 | AUC: 0.9418
2026-03-14 16:23:05,387 - INFO - Epoch 450 | Loss: 0.4677 | AUC: 0.9500
2026-03-14 16:23:10,317 - INFO - Epoch 500 | Loss: 0.3939 | AUC: 0.9603
2026-03-14 16:23:15,365 - INFO - Epoch 550 | Loss: 0.3505 | AUC: 0.9666
2026-03-14 16:23:20,246 - INFO - Epoch 600 | Loss: 0.3825 | AUC: 0.9699
2026-03-14 16:23:25,016 - INFO - Epoch 650 | Loss: 0.2929 | AUC: 0.9757
2026-03-14 16:23:29,800 - INFO - Epoch 700 | Loss: 0.2620 | AUC: 0.9794
2026-03-14 16:23:34,756 - INFO - Epoch 750 | Loss: 0.2361 | AUC: 0.9825
2026-03-14 16:23:39,234 - INFO - Epoch 800 | Loss: 0.2150 | AUC: 0.9848
2026-03-14 16:23:43,965 - INFO - Epoch 850 | Loss: 0.1944 | AUC: 0.9870
2026-03-14 16:23:50,874 - INFO - Epoch 900 | Loss: 0.1772 | AUC: 0.9887
2026-03-14 16:23:55,953 - INFO - Epoch 950 | Loss: 0.4848 | AUC: 0.9839
2026-03-14 16:24:00,932 - INFO - Epoch 1000 | Loss: 0.1726 | AUC: 0.9901
2026-03-14 16:24:00,968 - INFO - Saved model weights: gat_model_fold_1.pth
2026-03-14 16:24:01,007 - INFO - --- Fold 2 ---
2026-03-14 16:24:07,834 - INFO - Epoch 50 | Loss: 3.3845 | AUC: 0.6279
2026-03-14 16:24:12,817 - INFO - Epoch 100 | Loss: 1.0140 | AUC: 0.8000
2026-03-14 16:24:17,769 - INFO - Epoch 150 | Loss: 0.8025 | AUC: 0.8593
2026-03-14 16:24:23,022 - INFO - Epoch 200 | Loss: 0.8415 | AUC: 0.8934
2026-03-14 16:24:28,141 - INFO - Epoch 250 | Loss: 0.5783 | AUC: 0.9275
2026-03-14 16:24:32,939 - INFO - Epoch 300 | Loss: 0.5286 | AUC: 0.9456
2026-03-14 16:24:37,631 - INFO - Epoch 350 | Loss: 0.4408 | AUC: 0.9565
2026-03-14 16:24:42,859 - INFO - Epoch 400 | Loss: 0.3656 | AUC: 0.9666
2026-03-14 16:24:47,888 - INFO - Epoch 450 | Loss: 0.3149 | AUC: 0.9735
2026-03-14 16:24:52,608 - INFO - Epoch 500 | Loss: 0.2932 | AUC: 0.9776
2026-03-14 16:24:57,469 - INFO - Epoch 550 | Loss: 0.2358 | AUC: 0.9831
2026-03-14 16:25:02,497 - INFO - Epoch 600 | Loss: 0.2001 | AUC: 0.9865
2026-03-14 16:25:07,469 - INFO - Epoch 650 | Loss: 0.1717 | AUC: 0.9890
2026-03-14 16:25:12,598 - INFO - Epoch 700 | Loss: 0.1484 | AUC: 0.9910
2026-03-14 16:25:17,876 - INFO - Epoch 750 | Loss: 1.3929 | AUC: 0.9666
2026-03-14 16:25:23,438 - INFO - Epoch 800 | Loss: 0.1385 | AUC: 0.9927
2026-03-14 16:25:28,839 - INFO - Epoch 850 | Loss: 0.1113 | AUC: 0.9944
2026-03-14 16:25:33,979 - INFO - Epoch 900 | Loss: 0.0968 | AUC: 0.9953
2026-03-14 16:25:38,601 - INFO - Epoch 950 | Loss: 0.0859 | AUC: 0.9960
2026-03-14 16:25:43,396 - INFO - Epoch 1000 | Loss: 0.0769 | AUC: 0.9965
2026-03-14 16:25:43,407 - INFO - Saved model weights: gat_model_fold_2.pth
2026-03-14 16:25:43,441 - INFO - --- Fold 3 ---
2026-03-14 16:25:50,197 - INFO - Epoch 50 | Loss: 2.1005 | AUC: 0.5900
2026-03-14 16:25:55,016 - INFO - Epoch 100 | Loss: 0.9996 | AUC: 0.8037
2026-03-14 16:25:59,701 - INFO - Epoch 150 | Loss: 1.1973 | AUC: 0.8435
2026-03-14 16:26:04,545 - INFO - Epoch 200 | Loss: 0.7550 | AUC: 0.8788
2026-03-14 16:26:09,399 - INFO - Epoch 250 | Loss: 0.6471 | AUC: 0.9086
2026-03-14 16:26:14,313 - INFO - Epoch 300 | Loss: 0.5904 | AUC: 0.9265
2026-03-14 16:26:19,346 - INFO - Epoch 350 | Loss: 0.5006 | AUC: 0.9431
2026-03-14 16:26:24,332 - INFO - Epoch 400 | Loss: 0.6577 | AUC: 0.9429
2026-03-14 16:26:29,035 - INFO - Epoch 450 | Loss: 0.3995 | AUC: 0.9606
2026-03-14 16:26:34,175 - INFO - Epoch 500 | Loss: 0.3487 | AUC: 0.9670
2026-03-14 16:26:39,011 - INFO - Epoch 550 | Loss: 0.4050 | AUC: 0.9677
2026-03-14 16:26:43,733 - INFO - Epoch 600 | Loss: 0.2876 | AUC: 0.9755
2026-03-14 16:26:48,316 - INFO - Epoch 650 | Loss: 0.2551 | AUC: 0.9789
2026-03-14 16:26:53,560 - INFO - Epoch 700 | Loss: 0.2283 | AUC: 0.9820
2026-03-14 16:27:01,468 - INFO - Epoch 750 | Loss: 0.2109 | AUC: 0.9848
2026-03-14 16:27:07,365 - INFO - Epoch 800 | Loss: 0.1977 | AUC: 0.9869
2026-03-14 16:27:12,784 - INFO - Epoch 850 | Loss: 0.1683 | AUC: 0.9888
2026-03-14 16:27:18,246 - INFO - Epoch 900 | Loss: 2.3009 | AUC: 0.9389
2026-03-14 16:27:24,736 - INFO - Epoch 950 | Loss: 397.3569 | AUC: 0.5009
2026-03-14 16:27:31,192 - INFO - Epoch 1000 | Loss: 7.6942 | AUC: 0.6190
2026-03-14 16:27:31,202 - INFO - Saved model weights: gat_model_fold_3.pth
2026-03-14 16:27:31,250 - INFO - --- Fold 4 ---
2026-03-14 16:27:38,050 - INFO - Epoch 50 | Loss: 2.7471 | AUC: 0.5436
2026-03-14 16:27:42,944 - INFO - Epoch 100 | Loss: 1.1465 | AUC: 0.7180
2026-03-14 16:27:48,474 - INFO - Epoch 150 | Loss: 0.9615 | AUC: 0.7963
2026-03-14 16:27:54,190 - INFO - Epoch 200 | Loss: 0.8345 | AUC: 0.8469
2026-03-14 16:28:00,130 - INFO - Epoch 250 | Loss: 0.7488 | AUC: 0.8782
2026-03-14 16:28:05,363 - INFO - Epoch 300 | Loss: 0.6327 | AUC: 0.9094
2026-03-14 16:28:10,682 - INFO - Epoch 350 | Loss: 0.5687 | AUC: 0.9311
2026-03-14 16:28:15,627 - INFO - Epoch 400 | Loss: 0.4910 | AUC: 0.9439
2026-03-14 16:28:20,496 - INFO - Epoch 450 | Loss: 0.4234 | AUC: 0.9552
2026-03-14 16:28:25,552 - INFO - Epoch 500 | Loss: 0.3729 | AUC: 0.9634
2026-03-14 16:28:30,514 - INFO - Epoch 550 | Loss: 0.3715 | AUC: 0.9686
2026-03-14 16:28:36,061 - INFO - Epoch 600 | Loss: 0.3011 | AUC: 0.9740
2026-03-14 16:28:42,139 - INFO - Epoch 650 | Loss: 0.2661 | AUC: 0.9783
2026-03-14 16:28:47,237 - INFO - Epoch 700 | Loss: 0.2368 | AUC: 0.9818
2026-03-14 16:28:52,766 - INFO - Epoch 750 | Loss: 0.2463 | AUC: 0.9842
2026-03-14 16:28:58,179 - INFO - Epoch 800 | Loss: 0.2330 | AUC: 0.9846
2026-03-14 16:29:03,273 - INFO - Epoch 850 | Loss: 0.1779 | AUC: 0.9885
2026-03-14 16:29:08,241 - INFO - Epoch 900 | Loss: 0.1570 | AUC: 0.9901
2026-03-14 16:29:13,154 - INFO - Epoch 950 | Loss: 0.1405 | AUC: 0.9914
2026-03-14 16:29:18,080 - INFO - Epoch 1000 | Loss: 0.1264 | AUC: 0.9926
2026-03-14 16:29:18,090 - INFO - Saved model weights: gat_model_fold_4.pth
2026-03-14 16:29:18,127 - INFO - --- Fold 5 ---
2026-03-14 16:29:24,630 - INFO - Epoch 50 | Loss: 3.9606 | AUC: 0.6134
2026-03-14 16:29:29,237 - INFO - Epoch 100 | Loss: 1.0816 | AUC: 0.7581
2026-03-14 16:29:34,278 - INFO - Epoch 150 | Loss: 0.8185 | AUC: 0.8567
2026-03-14 16:29:39,073 - INFO - Epoch 200 | Loss: 0.9711 | AUC: 0.8811
2026-03-14 16:29:44,331 - INFO - Epoch 250 | Loss: 0.5771 | AUC: 0.9276
2026-03-14 16:29:48,906 - INFO - Epoch 300 | Loss: 0.4801 | AUC: 0.9460
2026-03-14 16:29:53,910 - INFO - Epoch 350 | Loss: 0.4418 | AUC: 0.9549
2026-03-14 16:29:58,998 - INFO - Epoch 400 | Loss: 0.3589 | AUC: 0.9660
2026-03-14 16:30:04,507 - INFO - Epoch 450 | Loss: 0.3926 | AUC: 0.9722
2026-03-14 16:30:09,745 - INFO - Epoch 500 | Loss: 0.3105 | AUC: 0.9752
2026-03-14 16:30:14,773 - INFO - Epoch 550 | Loss: 0.2428 | AUC: 0.9812
2026-03-14 16:30:19,894 - INFO - Epoch 600 | Loss: 0.2102 | AUC: 0.9844
2026-03-14 16:30:25,348 - INFO - Epoch 650 | Loss: 0.1844 | AUC: 0.9870
2026-03-14 16:30:30,321 - INFO - Epoch 700 | Loss: 0.1629 | AUC: 0.9890
2026-03-14 16:30:35,155 - INFO - Epoch 750 | Loss: 0.1473 | AUC: 0.9906
2026-03-14 16:30:41,175 - INFO - Epoch 800 | Loss: 0.1486 | AUC: 0.9919
2026-03-14 16:30:46,081 - INFO - Epoch 850 | Loss: 0.1972 | AUC: 0.9894
2026-03-14 16:30:51,346 - INFO - Epoch 900 | Loss: 0.1157 | AUC: 0.9938
2026-03-14 16:30:56,683 - INFO - Epoch 950 | Loss: 0.1008 | AUC: 0.9947
2026-03-14 16:31:01,759 - INFO - Epoch 1000 | Loss: 0.0898 | AUC: 0.9953
2026-03-14 16:31:01,768 - INFO - Saved model weights: gat_model_fold_5.pth
2026-03-14 16:31:02,205 - INFO - Final predictions saved to: ../result\Cdataset_graph_graph_concat_1000_0.0_128\42\GAT_Standalone_Results\GAT_final_predictions.csv
2026-03-14 16:32:01,609 - INFO - FINAL RESULTS: AUC 0.9966; AUPR 0.6776; Acc 0.9916
2026-03-14 22:56:06,049 - INFO - Starting New GAT Model. Results will be saved in: ../result\Cdataset_graph_graph_concat_1000_0.0_128\42\GAT_Standalone_Results
2026-03-14 22:56:06,107 - INFO - --- Fold 1 ---
2026-03-14 22:56:22,308 - INFO - Epoch 50 | Loss: 1.0747 | AUC: 0.7528
2026-03-14 22:56:32,600 - INFO - Epoch 100 | Loss: 0.8507 | AUC: 0.8562
2026-03-14 22:56:44,659 - INFO - Epoch 150 | Loss: 0.7842 | AUC: 0.8815
2026-03-14 22:56:56,047 - INFO - Epoch 200 | Loss: 0.6401 | AUC: 0.9088
2026-03-14 22:57:06,955 - INFO - Epoch 250 | Loss: 0.5960 | AUC: 0.9364
2026-03-14 22:57:17,802 - INFO - Epoch 300 | Loss: 0.5683 | AUC: 0.9427
2026-03-14 22:57:28,684 - INFO - Epoch 350 | Loss: 0.4667 | AUC: 0.9532
2026-03-14 22:57:39,533 - INFO - Epoch 400 | Loss: 0.4584 | AUC: 0.9550
2026-03-14 22:57:51,797 - INFO - Epoch 450 | Loss: 0.4865 | AUC: 0.9565
2026-03-14 22:58:03,176 - INFO - Epoch 500 | Loss: 0.4288 | AUC: 0.9658
2026-03-14 22:58:13,376 - INFO - Epoch 550 | Loss: 0.3856 | AUC: 0.9706
2026-03-14 22:58:24,084 - INFO - Epoch 600 | Loss: 0.4017 | AUC: 0.9707
2026-03-14 22:58:35,113 - INFO - Epoch 650 | Loss: 0.4362 | AUC: 0.9678
2026-03-14 22:58:45,541 - INFO - Epoch 700 | Loss: 0.3557 | AUC: 0.9777
2026-03-14 22:58:57,452 - INFO - Epoch 750 | Loss: 0.3851 | AUC: 0.9726
2026-03-14 22:59:07,804 - INFO - Epoch 800 | Loss: 0.3515 | AUC: 0.9697
2026-03-14 22:59:18,010 - INFO - Epoch 850 | Loss: 0.3284 | AUC: 0.9743
2026-03-14 22:59:28,543 - INFO - Epoch 900 | Loss: 0.3133 | AUC: 0.9780
2026-03-14 22:59:39,368 - INFO - Epoch 950 | Loss: 0.3150 | AUC: 0.9780
2026-03-14 22:59:50,016 - INFO - Epoch 1000 | Loss: 0.3137 | AUC: 0.9808
2026-03-14 22:59:50,092 - INFO - Saved model weights: gat_model_fold_1.pth
2026-03-14 22:59:50,221 - INFO - --- Fold 2 ---
2026-03-14 23:00:02,869 - INFO - Epoch 50 | Loss: 1.0151 | AUC: 0.7885
2026-03-14 23:00:13,266 - INFO - Epoch 100 | Loss: 0.7598 | AUC: 0.8835
2026-03-14 23:00:23,762 - INFO - Epoch 150 | Loss: 0.6410 | AUC: 0.9189
2026-03-14 23:00:34,993 - INFO - Epoch 200 | Loss: 0.5989 | AUC: 0.9365
2026-03-14 23:00:45,325 - INFO - Epoch 250 | Loss: 0.5294 | AUC: 0.9481
2026-03-14 23:00:55,726 - INFO - Epoch 300 | Loss: 0.5012 | AUC: 0.9509
2026-03-14 23:01:06,749 - INFO - Epoch 350 | Loss: 0.4369 | AUC: 0.9601
2026-03-14 23:01:17,359 - INFO - Epoch 400 | Loss: 0.4164 | AUC: 0.9663
2026-03-14 23:01:27,687 - INFO - Epoch 450 | Loss: 0.4098 | AUC: 0.9686
2026-03-14 23:01:38,289 - INFO - Epoch 500 | Loss: 0.3895 | AUC: 0.9691
2026-03-14 23:01:49,993 - INFO - Epoch 550 | Loss: 0.3955 | AUC: 0.9689
2026-03-14 23:02:02,493 - INFO - Epoch 600 | Loss: 0.3976 | AUC: 0.9717
2026-03-14 23:02:13,908 - INFO - Epoch 650 | Loss: 0.3439 | AUC: 0.9770
2026-03-14 23:02:26,240 - INFO - Epoch 700 | Loss: 0.3366 | AUC: 0.9799
2026-03-14 23:02:37,125 - INFO - Epoch 750 | Loss: 0.3552 | AUC: 0.9751
2026-03-14 23:02:49,822 - INFO - Epoch 800 | Loss: 0.3264 | AUC: 0.9760
2026-03-14 23:03:02,481 - INFO - Epoch 850 | Loss: 0.3103 | AUC: 0.9803
2026-03-14 23:03:15,494 - INFO - Epoch 900 | Loss: 0.3165 | AUC: 0.9765
2026-03-14 23:03:26,992 - INFO - Epoch 950 | Loss: 0.3016 | AUC: 0.9814
2026-03-14 23:03:37,974 - INFO - Epoch 1000 | Loss: 0.3375 | AUC: 0.9788
2026-03-14 23:03:37,987 - INFO - Saved model weights: gat_model_fold_2.pth
2026-03-14 23:03:38,108 - INFO - --- Fold 3 ---
2026-03-14 23:03:50,993 - INFO - Epoch 50 | Loss: 1.0736 | AUC: 0.7633
2026-03-14 23:04:01,387 - INFO - Epoch 100 | Loss: 0.7983 | AUC: 0.8664
2026-03-14 23:04:11,760 - INFO - Epoch 150 | Loss: 0.6864 | AUC: 0.9025
2026-03-14 23:04:21,965 - INFO - Epoch 200 | Loss: 0.6420 | AUC: 0.9244
2026-03-14 23:04:32,368 - INFO - Epoch 250 | Loss: 0.5714 | AUC: 0.9390
2026-03-14 23:04:42,621 - INFO - Epoch 300 | Loss: 0.5374 | AUC: 0.9443
2026-03-14 23:04:52,839 - INFO - Epoch 350 | Loss: 0.5104 | AUC: 0.9527
2026-03-14 23:05:03,064 - INFO - Epoch 400 | Loss: 0.4732 | AUC: 0.9525
2026-03-14 23:05:13,350 - INFO - Epoch 450 | Loss: 0.4287 | AUC: 0.9614
2026-03-14 23:05:23,734 - INFO - Epoch 500 | Loss: 0.4044 | AUC: 0.9662
2026-03-14 23:05:34,191 - INFO - Epoch 550 | Loss: 0.3981 | AUC: 0.9640
2026-03-14 23:05:44,841 - INFO - Epoch 600 | Loss: 0.3698 | AUC: 0.9725
2026-03-14 23:05:55,934 - INFO - Epoch 650 | Loss: 0.3688 | AUC: 0.9705
2026-03-14 23:06:06,587 - INFO - Epoch 700 | Loss: 0.3523 | AUC: 0.9766
2026-03-14 23:06:17,224 - INFO - Epoch 750 | Loss: 0.3645 | AUC: 0.9740
2026-03-14 23:06:31,170 - INFO - Epoch 800 | Loss: 0.3474 | AUC: 0.9743
2026-03-14 23:06:42,691 - INFO - Epoch 850 | Loss: 0.3224 | AUC: 0.9794
2026-03-14 23:06:53,996 - INFO - Epoch 900 | Loss: 0.3171 | AUC: 0.9778
2026-03-14 23:07:04,630 - INFO - Epoch 950 | Loss: 0.3521 | AUC: 0.9791
2026-03-14 23:07:15,289 - INFO - Epoch 1000 | Loss: 0.2961 | AUC: 0.9821
2026-03-14 23:07:15,314 - INFO - Saved model weights: gat_model_fold_3.pth
2026-03-14 23:07:15,436 - INFO - --- Fold 4 ---
2026-03-14 23:07:28,210 - INFO - Epoch 50 | Loss: 1.0594 | AUC: 0.7902
2026-03-14 23:07:38,648 - INFO - Epoch 100 | Loss: 0.7729 | AUC: 0.8691
2026-03-14 23:07:49,143 - INFO - Epoch 150 | Loss: 0.6834 | AUC: 0.9121
2026-03-14 23:08:01,338 - INFO - Epoch 200 | Loss: 0.5705 | AUC: 0.9365
2026-03-14 23:08:13,233 - INFO - Epoch 250 | Loss: 0.5341 | AUC: 0.9518
2026-03-14 23:08:26,534 - INFO - Epoch 300 | Loss: 0.4832 | AUC: 0.9580
2026-03-14 23:08:38,311 - INFO - Epoch 350 | Loss: 0.4540 | AUC: 0.9596
2026-03-14 23:08:49,133 - INFO - Epoch 400 | Loss: 0.4204 | AUC: 0.9620
2026-03-14 23:08:59,872 - INFO - Epoch 450 | Loss: 0.4443 | AUC: 0.9602
2026-03-14 23:09:10,630 - INFO - Epoch 500 | Loss: 0.4208 | AUC: 0.9615
2026-03-14 23:09:21,414 - INFO - Epoch 550 | Loss: 0.4023 | AUC: 0.9715
2026-03-14 23:09:32,779 - INFO - Epoch 600 | Loss: 0.3750 | AUC: 0.9762
2026-03-14 23:09:45,642 - INFO - Epoch 650 | Loss: 0.3600 | AUC: 0.9753
2026-03-14 23:09:57,742 - INFO - Epoch 700 | Loss: 0.3833 | AUC: 0.9755
2026-03-14 23:10:11,522 - INFO - Epoch 750 | Loss: 0.3458 | AUC: 0.9752
2026-03-14 23:10:23,756 - INFO - Epoch 800 | Loss: 0.3158 | AUC: 0.9810
2026-03-14 23:10:35,482 - INFO - Epoch 850 | Loss: 0.3238 | AUC: 0.9804
2026-03-14 23:10:46,644 - INFO - Epoch 900 | Loss: 0.3068 | AUC: 0.9827
2026-03-14 23:10:57,559 - INFO - Epoch 950 | Loss: 0.2881 | AUC: 0.9826
2026-03-14 23:11:09,139 - INFO - Epoch 1000 | Loss: 0.2907 | AUC: 0.9824
2026-03-14 23:11:09,155 - INFO - Saved model weights: gat_model_fold_4.pth
2026-03-14 23:11:09,282 - INFO - --- Fold 5 ---
2026-03-14 23:11:22,666 - INFO - Epoch 50 | Loss: 1.0193 | AUC: 0.7748
2026-03-14 23:11:34,107 - INFO - Epoch 100 | Loss: 0.7496 | AUC: 0.8875
2026-03-14 23:11:44,827 - INFO - Epoch 150 | Loss: 0.6281 | AUC: 0.9114
2026-03-14 23:11:56,241 - INFO - Epoch 200 | Loss: 0.6008 | AUC: 0.9286
2026-03-14 23:12:07,317 - INFO - Epoch 250 | Loss: 0.5333 | AUC: 0.9453
2026-03-14 23:12:18,079 - INFO - Epoch 300 | Loss: 0.5111 | AUC: 0.9547
2026-03-14 23:12:29,102 - INFO - Epoch 350 | Loss: 0.4456 | AUC: 0.9629
2026-03-14 23:12:41,281 - INFO - Epoch 400 | Loss: 0.4581 | AUC: 0.9601
2026-03-14 23:12:53,424 - INFO - Epoch 450 | Loss: 0.4148 | AUC: 0.9667
2026-03-14 23:13:04,571 - INFO - Epoch 500 | Loss: 0.3960 | AUC: 0.9711
2026-03-14 23:13:16,048 - INFO - Epoch 550 | Loss: 0.3613 | AUC: 0.9720
2026-03-14 23:13:26,629 - INFO - Epoch 600 | Loss: 0.3729 | AUC: 0.9711
2026-03-14 23:13:37,308 - INFO - Epoch 650 | Loss: 0.3769 | AUC: 0.9738
2026-03-14 23:13:48,866 - INFO - Epoch 700 | Loss: 0.3131 | AUC: 0.9795
2026-03-14 23:14:00,081 - INFO - Epoch 750 | Loss: 0.3318 | AUC: 0.9778
2026-03-14 23:14:13,212 - INFO - Epoch 800 | Loss: 0.3264 | AUC: 0.9813
2026-03-14 23:14:24,931 - INFO - Epoch 850 | Loss: 0.2936 | AUC: 0.9822
2026-03-14 23:14:36,558 - INFO - Epoch 900 | Loss: 0.3271 | AUC: 0.9756
2026-03-14 23:14:47,445 - INFO - Epoch 950 | Loss: 0.3121 | AUC: 0.9817
2026-03-14 23:14:58,342 - INFO - Epoch 1000 | Loss: 0.3077 | AUC: 0.9834
2026-03-14 23:14:58,366 - INFO - Saved model weights: gat_model_fold_5.pth
2026-03-14 23:14:58,947 - INFO - Final predictions saved to: ../result\Cdataset_graph_graph_concat_1000_0.0_128\42\GAT_Standalone_Results\GAT_final_predictions.csv
2026-03-14 23:16:06,153 - INFO - FINAL RESULTS: AUC 0.9974; AUPR 0.7589; Acc 0.9938
